<?xml version="1.0" encoding="UTF-8"?>
<testsuite name="br.com.linketinder.TesteCadastro" tests="1" skipped="0" failures="0" errors="0" timestamp="2024-03-12T10:31:56" hostname="ubuntu" time="0.131">
  <properties/>
  <testcase name="testCadastrarCandidato()" classname="br.com.linketinder.TesteCadastro" time="0.131"/>
  <system-out><![CDATA[]]></system-out>
  <system-err><![CDATA[]]></system-err>
</testsuite>
