<?xml version="1.0" encoding="UTF-8"?>
<testsuite name="br.com.linketinder.CandidatoDAOTest" tests="1" skipped="0" failures="0" errors="0" timestamp="2024-04-10T08:29:40" hostname="ubuntu" time="3.567">
  <properties/>
  <testcase name="dbCreateCandidatoDAOTest" classname="br.com.linketinder.CandidatoDAOTest" time="3.567"/>
  <system-out><![CDATA[]]></system-out>
  <system-err><![CDATA[]]></system-err>
</testsuite>
