<?xml version="1.0" encoding="UTF-8"?>
<testsuite name="br.com.linketinder.CandidatoDao" tests="1" skipped="0" failures="0" errors="0" timestamp="2024-04-08T20:07:00" hostname="ubuntu" time="2.794">
  <properties/>
  <testcase name="dbCreateCandidatoDAOTest" classname="br.com.linketinder.CandidatoDao" time="2.794"/>
  <system-out><![CDATA[]]></system-out>
  <system-err><![CDATA[]]></system-err>
</testsuite>
