<?xml version="1.0" encoding="UTF-8"?>
<testsuite name="br.com.linketinder.TesteCadastro" tests="1" skipped="0" failures="0" errors="0" timestamp="2024-03-06T13:30:48" hostname="ubuntu" time="0.193">
  <properties/>
  <testcase name="testCadastrarEmpresa()" classname="br.com.linketinder.TesteCadastro" time="0.193"/>
  <system-out><![CDATA[]]></system-out>
  <system-err><![CDATA[]]></system-err>
</testsuite>
